<?xml version="1.0" encoding="UTF-8"?>
<testsuite name="CuentaTest" tests="1" skipped="0" failures="0" errors="0" timestamp="2022-06-17T22:24:51" hostname="AR0C02VV0P1HV2J" time="0.013">
  <properties/>
  <testcase name="testNombreCuenta()" classname="CuentaTest" time="0.013"/>
  <system-out><![CDATA[]]></system-out>
  <system-err><![CDATA[]]></system-err>
</testsuite>
